<?xml version="1.0" encoding="UTF-8"?>
<robot generator="Robot 5.0.1 (Python 3.8.10 on linux)" generated="20220925 12:22:28.255" rpa="false" schemaversion="3">
<suite id="s1" name="Project2" source="/home/afiq/Besquare/QA/Robotframework/Project/Automation On Account Closing/Project2.robot">
<test id="s1-t1" name="Login To Account" line="24">
<kw name="Login To Deriv">
<kw name="Open Browser" library="SeleniumLibrary">
<arg>https://app.deriv.com/</arg>
<arg>Chrome</arg>
<doc>Opens a new browser instance to the optional ``url``.</doc>
<msg timestamp="20220925 12:22:28.358" level="INFO">Opening browser 'Chrome' to base url 'https://app.deriv.com/'.</msg>
<status status="PASS" starttime="20220925 12:22:28.358" endtime="20220925 12:22:31.594"/>
</kw>
<kw name="Maximize Browser Window" library="SeleniumLibrary">
<doc>Maximizes current browser window.</doc>
<status status="PASS" starttime="20220925 12:22:31.594" endtime="20220925 12:22:31.702"/>
</kw>
<kw name="Wait Until Page Contains Element" library="SeleniumLibrary">
<arg>//div[@class='btn-purchase__text_wrapper' and contains(.,'Rise')]</arg>
<arg>30</arg>
<doc>Waits until the element ``locator`` appears on the current page.</doc>
<status status="PASS" starttime="20220925 12:22:31.702" endtime="20220925 12:22:33.322"/>
</kw>
<kw name="Click Element" library="SeleniumLibrary">
<arg>dt_login_button</arg>
<doc>Click the element identified by ``locator``.</doc>
<msg timestamp="20220925 12:22:33.322" level="INFO">Clicking element 'dt_login_button'.</msg>
<status status="PASS" starttime="20220925 12:22:33.322" endtime="20220925 12:22:36.148"/>
</kw>
<kw name="Wait Until Page Contains Element" library="SeleniumLibrary">
<arg>//input[@type='email']</arg>
<arg>10</arg>
<doc>Waits until the element ``locator`` appears on the current page.</doc>
<status status="PASS" starttime="20220925 12:22:36.148" endtime="20220925 12:22:36.161"/>
</kw>
<kw name="Input Text" library="SeleniumLibrary">
<arg>//input[@type='email']</arg>
<arg>mohamad.afiq+3@besquare.com.my</arg>
<doc>Types the given ``text`` into the text field identified by ``locator``.</doc>
<msg timestamp="20220925 12:22:36.161" level="INFO">Typing text 'mohamad.afiq+3@besquare.com.my' into text field '//input[@type='email']'.</msg>
<status status="PASS" starttime="20220925 12:22:36.161" endtime="20220925 12:22:36.211"/>
</kw>
<kw name="Input Text" library="SeleniumLibrary">
<arg>//input[@type='password']</arg>
<arg>@Dtrader123</arg>
<doc>Types the given ``text`` into the text field identified by ``locator``.</doc>
<msg timestamp="20220925 12:22:36.212" level="INFO">Typing text '@Dtrader123' into text field '//input[@type='password']'.</msg>
<status status="PASS" starttime="20220925 12:22:36.212" endtime="20220925 12:22:36.263"/>
</kw>
<kw name="Click Element" library="SeleniumLibrary">
<arg>//button[@type='submit']</arg>
<doc>Click the element identified by ``locator``.</doc>
<msg timestamp="20220925 12:22:36.264" level="INFO">Clicking element '//button[@type='submit']'.</msg>
<status status="PASS" starttime="20220925 12:22:36.263" endtime="20220925 12:22:38.882"/>
</kw>
<kw name="Wait Until Page Contains Element" library="SeleniumLibrary">
<arg>//div[@class='btn-purchase__text_wrapper' and contains(.,'Rise')]</arg>
<arg>30</arg>
<doc>Waits until the element ``locator`` appears on the current page.</doc>
<status status="PASS" starttime="20220925 12:22:38.882" endtime="20220925 12:22:54.854"/>
</kw>
<kw name="Sleep" library="BuiltIn">
<arg>5</arg>
<doc>Pauses the test executed for the given time.</doc>
<msg timestamp="20220925 12:22:59.855" level="INFO">Slept 5 seconds</msg>
<status status="PASS" starttime="20220925 12:22:54.854" endtime="20220925 12:22:59.855"/>
</kw>
<kw name="Click Element" library="SeleniumLibrary">
<arg>//div[@id='dt_core_account-info_acc-info']</arg>
<doc>Click the element identified by ``locator``.</doc>
<msg timestamp="20220925 12:22:59.856" level="INFO">Clicking element '//div[@id='dt_core_account-info_acc-info']'.</msg>
<status status="PASS" starttime="20220925 12:22:59.855" endtime="20220925 12:22:59.933"/>
</kw>
<kw name="Click Element" library="SeleniumLibrary">
<arg>//li[@id='dt_core_account-switcher_demo-tab']</arg>
<doc>Click the element identified by ``locator``.</doc>
<msg timestamp="20220925 12:22:59.933" level="INFO">Clicking element '//li[@id='dt_core_account-switcher_demo-tab']'.</msg>
<status status="PASS" starttime="20220925 12:22:59.933" endtime="20220925 12:22:59.996"/>
</kw>
<kw name="Click Element" library="SeleniumLibrary">
<arg>//div[@class='dc-content-expander__content']</arg>
<doc>Click the element identified by ``locator``.</doc>
<msg timestamp="20220925 12:22:59.996" level="INFO">Clicking element '//div[@class='dc-content-expander__content']'.</msg>
<status status="PASS" starttime="20220925 12:22:59.996" endtime="20220925 12:23:00.152"/>
</kw>
<status status="PASS" starttime="20220925 12:22:28.358" endtime="20220925 12:23:00.152"/>
</kw>
<status status="PASS" starttime="20220925 12:22:28.357" endtime="20220925 12:23:00.152"/>
</test>
<test id="s1-t2" name="Navigate To Close Account Page" line="26">
<kw name="Wait Until Page Contains Element" library="SeleniumLibrary">
<arg>//a[@class="account-settings-toggle"]</arg>
<arg>30</arg>
<doc>Waits until the element ``locator`` appears on the current page.</doc>
<status status="PASS" starttime="20220925 12:23:00.153" endtime="20220925 12:23:00.169"/>
</kw>
<kw name="Sleep" library="BuiltIn">
<arg>10</arg>
<doc>Pauses the test executed for the given time.</doc>
<msg timestamp="20220925 12:23:10.170" level="INFO">Slept 10 seconds</msg>
<status status="PASS" starttime="20220925 12:23:00.169" endtime="20220925 12:23:10.170"/>
</kw>
<kw name="Click Element" library="SeleniumLibrary">
<arg>//a[@class="account-settings-toggle"]</arg>
<doc>Click the element identified by ``locator``.</doc>
<msg timestamp="20220925 12:23:10.171" level="INFO">Clicking element '//a[@class="account-settings-toggle"]'.</msg>
<status status="PASS" starttime="20220925 12:23:10.171" endtime="20220925 12:23:10.288"/>
</kw>
<kw name="Sleep" library="BuiltIn">
<arg>3</arg>
<doc>Pauses the test executed for the given time.</doc>
<msg timestamp="20220925 12:23:13.289" level="INFO">Slept 3 seconds</msg>
<status status="PASS" starttime="20220925 12:23:10.288" endtime="20220925 12:23:13.289"/>
</kw>
<kw name="Click Element" library="SeleniumLibrary">
<arg>//a[@id="dc_close-your-account_link"]</arg>
<doc>Click the element identified by ``locator``.</doc>
<msg timestamp="20220925 12:23:13.290" level="INFO">Clicking element '//a[@id="dc_close-your-account_link"]'.</msg>
<status status="PASS" starttime="20220925 12:23:13.289" endtime="20220925 12:23:13.379"/>
</kw>
<status status="PASS" starttime="20220925 12:23:00.152" endtime="20220925 12:23:13.379"/>
</test>
<test id="s1-t3" name="Page Should Contain Closing Account Information - Security And Privacy Policy, Close My Account Button And Cancel Button" line="32">
<kw name="Page Should Contain Element" library="SeleniumLibrary">
<arg>//.//p[text()='Are you sure?']</arg>
<doc>Verifies that element ``locator`` is found on the current page.</doc>
<msg timestamp="20220925 12:23:13.392" level="INFO">Current page contains element '//.//p[text()='Are you sure?']'.</msg>
<status status="PASS" starttime="20220925 12:23:13.381" endtime="20220925 12:23:13.392"/>
</kw>
<kw name="Page Should Contain Element" library="SeleniumLibrary">
<arg>//.//p[text()='If you close your account:']</arg>
<doc>Verifies that element ``locator`` is found on the current page.</doc>
<msg timestamp="20220925 12:23:13.400" level="INFO">Current page contains element '//.//p[text()='If you close your account:']'.</msg>
<status status="PASS" starttime="20220925 12:23:13.392" endtime="20220925 12:23:13.400"/>
</kw>
<kw name="Page Should Contain Element" library="SeleniumLibrary">
<arg>//.//p[text()='Before closing your account:']</arg>
<doc>Verifies that element ``locator`` is found on the current page.</doc>
<msg timestamp="20220925 12:23:13.410" level="INFO">Current page contains element '//.//p[text()='Before closing your account:']'.</msg>
<status status="PASS" starttime="20220925 12:23:13.400" endtime="20220925 12:23:13.410"/>
</kw>
<kw name="Page Should Contain Element" library="SeleniumLibrary">
<arg>//.//p[text()='We shall delete your personal information as soon as our legal obligations are met, as mentioned in the section on Data Retention in our ']</arg>
<doc>Verifies that element ``locator`` is found on the current page.</doc>
<msg timestamp="20220925 12:23:13.419" level="INFO">Current page contains element '//.//p[text()='We shall delete your personal information as soon as our legal obligations are met, as mentioned in the section on Data Retention in our ']'.</msg>
<status status="PASS" starttime="20220925 12:23:13.410" endtime="20220925 12:23:13.419"/>
</kw>
<kw name="Page Should Contain Element" library="SeleniumLibrary">
<arg>//button[@class="dc-btn dc-btn--secondary dc-btn__large closing-account__button--cancel"]</arg>
<doc>Verifies that element ``locator`` is found on the current page.</doc>
<msg timestamp="20220925 12:23:13.429" level="INFO">Current page contains element '//button[@class="dc-btn dc-btn--secondary dc-btn__large closing-account__button--cancel"]'.</msg>
<status status="PASS" starttime="20220925 12:23:13.419" endtime="20220925 12:23:13.429"/>
</kw>
<kw name="Page Should Contain Element" library="SeleniumLibrary">
<arg>//button[@class="dc-btn dc-btn--primary dc-btn__large closing-account__button--close-account"]</arg>
<doc>Verifies that element ``locator`` is found on the current page.</doc>
<msg timestamp="20220925 12:23:13.437" level="INFO">Current page contains element '//button[@class="dc-btn dc-btn--primary dc-btn__large closing-account__button--close-account"]'.</msg>
<status status="PASS" starttime="20220925 12:23:13.430" endtime="20220925 12:23:13.437"/>
</kw>
<status status="PASS" starttime="20220925 12:23:13.380" endtime="20220925 12:23:13.437"/>
</test>
<test id="s1-t4" name="Clicking Security And Privacy Policy Will Lead To PDF File" line="39">
<kw name="Sleep" library="BuiltIn">
<arg>2</arg>
<doc>Pauses the test executed for the given time.</doc>
<status status="FAIL" starttime="20220925 12:23:13.438" endtime="20220925 12:23:14.513"/>
</kw>
<kw name="Click Element" library="SeleniumLibrary">
<arg>//a[@href="https://deriv.com/tnc/security-and-privacy.pdf"]</arg>
<doc>Click the element identified by ``locator``.</doc>
<status status="NOT RUN" starttime="20220925 12:23:14.514" endtime="20220925 12:23:14.514"/>
</kw>
<kw name="Sleep" library="BuiltIn">
<arg>5</arg>
<doc>Pauses the test executed for the given time.</doc>
<status status="NOT RUN" starttime="20220925 12:23:14.514" endtime="20220925 12:23:14.514"/>
</kw>
<kw name="Switch Window" library="SeleniumLibrary">
<doc>Switches to browser window matching ``locator``.</doc>
<status status="NOT RUN" starttime="20220925 12:23:14.515" endtime="20220925 12:23:14.515"/>
</kw>
<status status="FAIL" starttime="20220925 12:23:13.438" endtime="20220925 12:23:14.516">Execution terminated by signal</status>
</test>
<test id="s1-t5" name="Clicking Close My Account Will Lead To Closing Account Reasons Page" line="44">
<tag>robot:exit</tag>
<status status="FAIL" starttime="20220925 12:23:14.518" endtime="20220925 12:23:14.520">Test execution stopped due to a fatal error.</status>
</test>
<test id="s1-t6" name="Check Whether Users Have All Checkboxes And Textfield For Closing Account Reasons" line="47">
<tag>robot:exit</tag>
<status status="FAIL" starttime="20220925 12:23:14.521" endtime="20220925 12:23:14.523">Test execution stopped due to a fatal error.</status>
</test>
<test id="s1-t7" name="Continue Button Should Be Unavailable, Back Button Is Available If None Input Were Given Yet" line="59">
<tag>robot:exit</tag>
<status status="FAIL" starttime="20220925 12:23:14.524" endtime="20220925 12:23:14.526">Test execution stopped due to a fatal error.</status>
</test>
<test id="s1-t8" name="User Can Click Maximum 3 Closing Account Reasons Checkboxes" line="62">
<tag>robot:exit</tag>
<status status="FAIL" starttime="20220925 12:23:14.526" endtime="20220925 12:23:14.527">Test execution stopped due to a fatal error.</status>
</test>
<test id="s1-t9" name="User Will Get Error Message If No Reasons Were Checked After Have Done It Before" line="67">
<tag>robot:exit</tag>
<status status="FAIL" starttime="20220925 12:23:14.528" endtime="20220925 12:23:14.533">Test execution stopped due to a fatal error.</status>
</test>
<test id="s1-t10" name="Negative Testing - First Textfield - With Correct Errors Message" line="73">
<tag>robot:exit</tag>
<status status="FAIL" starttime="20220925 12:23:14.534" endtime="20220925 12:23:14.535">Test execution stopped due to a fatal error.</status>
</test>
<test id="s1-t11" name="Positive Testing - First Textfield" line="84">
<tag>robot:exit</tag>
<status status="FAIL" starttime="20220925 12:23:14.536" endtime="20220925 12:23:14.538">Test execution stopped due to a fatal error.</status>
</test>
<test id="s1-t12" name="Check That Second Textfield Cannot Be Typed If The First Textfield Already Use All Remaining Characters" line="90">
<tag>robot:exit</tag>
<status status="FAIL" starttime="20220925 12:23:14.538" endtime="20220925 12:23:14.539">Test execution stopped due to a fatal error.</status>
</test>
<test id="s1-t13" name="Negative Testing - Second Textfield - With Correct Errors Message" line="94">
<tag>robot:exit</tag>
<status status="FAIL" starttime="20220925 12:23:14.539" endtime="20220925 12:23:14.540">Test execution stopped due to a fatal error.</status>
</test>
<test id="s1-t14" name="Postitive Testing - Second Textfield" line="107">
<tag>robot:exit</tag>
<status status="FAIL" starttime="20220925 12:23:14.540" endtime="20220925 12:23:14.541">Test execution stopped due to a fatal error.</status>
</test>
<test id="s1-t15" name="Check That First Textfield Cannot Be Typed If The Second Textfield Already Use All Remaining Characters" line="113">
<tag>robot:exit</tag>
<status status="FAIL" starttime="20220925 12:23:14.541" endtime="20220925 12:23:14.541">Test execution stopped due to a fatal error.</status>
</test>
<test id="s1-t16" name="Creating A Valid Closing Account Application - With 3 Reasons And Trading Platform And Do-To-Improve" line="117">
<tag>robot:exit</tag>
<status status="FAIL" starttime="20220925 12:23:14.542" endtime="20220925 12:23:14.542">Test execution stopped due to a fatal error.</status>
</test>
<test id="s1-t17" name="Validating That Close Your Account Popup Will Appear" line="122">
<tag>robot:exit</tag>
<status status="FAIL" starttime="20220925 12:23:14.543" endtime="20220925 12:23:14.543">Test execution stopped due to a fatal error.</status>
</test>
<test id="s1-t18" name="Pressing Go Back Button Will Go Back To Closing Account Reasons Page" line="128">
<tag>robot:exit</tag>
<status status="FAIL" starttime="20220925 12:23:14.543" endtime="20220925 12:23:14.544">Test execution stopped due to a fatal error.</status>
</test>
<test id="s1-t19" name="Pressing Close Account Will Proceed To Close The Account" line="132">
<tag>robot:exit</tag>
<status status="FAIL" starttime="20220925 12:23:14.544" endtime="20220925 12:23:14.544">Test execution stopped due to a fatal error.</status>
</test>
<status status="FAIL" starttime="20220925 12:22:28.256" endtime="20220925 12:23:14.545"/>
</suite>
<statistics>
<total>
<stat pass="3" fail="16" skip="0">All Tests</stat>
</total>
<tag>
<stat pass="3" fail="1" skip="0" info="combined" combined="NOT robot:exit">NOT robot:exit</stat>
</tag>
<suite>
<stat pass="3" fail="16" skip="0" id="s1" name="Project2">Project2</stat>
</suite>
</statistics>
<errors>
</errors>
</robot>
